The system is: Windows - 10.0.18362 - AMD64
Compiling the C compiler identification source file "CMakeCCompilerId.c" succeeded.
Compiler: C:/MinGW/bin/gcc.exe 
Build flags: 
Id flags:  

The output was:
0


Compilation of the C compiler identification source "CMakeCCompilerId.c" produced "a.exe"

The C compiler identification is GNU, found in "D:/Users/Documents/NDHU/108-1/DataStructure/TreeReconstruction/cmake-build-debug/CMakeFiles/3.15.3/CompilerIdC/a.exe"

Compiling the CXX compiler identification source file "CMakeCXXCompilerId.cpp" succeeded.
Compiler: C:/MinGW/bin/g++.exe 
Build flags: 
Id flags:  

The output was:
0


Compilation of the CXX compiler identification source "CMakeCXXCompilerId.cpp" produced "a.exe"

The CXX compiler identification is GNU, found in "D:/Users/Documents/NDHU/108-1/DataStructure/TreeReconstruction/cmake-build-debug/CMakeFiles/3.15.3/CompilerIdCXX/a.exe"

Determining if the C compiler works passed with the following output:
Change Dir: D:/Users/Documents/NDHU/108-1/DataStructure/TreeReconstruction/cmake-build-debug/CMakeFiles/CMakeTmp

Run Build Command(s):C:/MinGW/bin/mingw32-make.exe cmTC_2eb67/fast && C:/MinGW/bin/mingw32-make.exe -f CMakeFiles\cmTC_2eb67.dir\build.make CMakeFiles/cmTC_2eb67.dir/build
mingw32-make.exe[1]: Entering directory 'D:/Users/Documents/NDHU/108-1/DataStructure/TreeReconstruction/cmake-build-debug/CMakeFiles/CMakeTmp'
Building C object CMakeFiles/cmTC_2eb67.dir/testCCompiler.c.obj
C:\MinGW\bin\gcc.exe    -o CMakeFiles\cmTC_2eb67.dir\testCCompiler.c.obj   -c D:\Users\Documents\NDHU\108-1\DataStructure\TreeReconstruction\cmake-build-debug\CMakeFiles\CMakeTmp\testCCompiler.c
Linking C executable cmTC_2eb67.exe
C:\Users\user\AppData\Local\JetBrains\Toolbox\apps\CLion\ch-0\193.5233.103\bin\cmake\win\bin\cmake.exe -E cmake_link_script CMakeFiles\cmTC_2eb67.dir\link.txt --verbose=1
C:\Users\user\AppData\Local\JetBrains\Toolbox\apps\CLion\ch-0\193.5233.103\bin\cmake\win\bin\cmake.exe -E remove -f CMakeFiles\cmTC_2eb67.dir/objects.a
C:\MinGW\bin\ar.exe cr CMakeFiles\cmTC_2eb67.dir/objects.a @CMakeFiles\cmTC_2eb67.dir\objects1.rsp
C:\MinGW\bin\gcc.exe      -Wl,--whole-archive CMakeFiles\cmTC_2eb67.dir/objects.a -Wl,--no-whole-archive  -o cmTC_2eb67.exe -Wl,--out-implib,libcmTC_2eb67.dll.a -Wl,--major-image-version,0,--minor-image-version,0 @CMakeFiles\cmTC_2eb67.dir\linklibs.rsp
mingw32-make.exe[1]: Leaving directory 'D:/Users/Documents/NDHU/108-1/DataStructure/TreeReconstruction/cmake-build-debug/CMakeFiles/CMakeTmp'



